Determining if the pthread_create exist failed with the following output:
Change Dir: /home/sebastian/catkin_ws/src/abb_irb140_ros_sim/tests/gazebo_plugins/pose_mod/build/CMakeFiles/CMakeTmp

Run Build Command:"/usr/bin/make" "cmTC_af278/fast"
/usr/bin/make -f CMakeFiles/cmTC_af278.dir/build.make CMakeFiles/cmTC_af278.dir/build
make[1]: Entering directory '/home/sebastian/catkin_ws/src/abb_irb140_ros_sim/tests/gazebo_plugins/pose_mod/build/CMakeFiles/CMakeTmp'
Building C object CMakeFiles/cmTC_af278.dir/CheckSymbolExists.c.o
/usr/bin/cc     -o CMakeFiles/cmTC_af278.dir/CheckSymbolExists.c.o   -c /home/sebastian/catkin_ws/src/abb_irb140_ros_sim/tests/gazebo_plugins/pose_mod/build/CMakeFiles/CMakeTmp/CheckSymbolExists.c
Linking C executable cmTC_af278
/usr/bin/cmake -E cmake_link_script CMakeFiles/cmTC_af278.dir/link.txt --verbose=1
/usr/bin/cc       CMakeFiles/cmTC_af278.dir/CheckSymbolExists.c.o  -o cmTC_af278 -rdynamic 
CMakeFiles/cmTC_af278.dir/CheckSymbolExists.c.o: In function `main':
CheckSymbolExists.c:(.text+0x16): undefined reference to `pthread_create'
collect2: error: ld returned 1 exit status
CMakeFiles/cmTC_af278.dir/build.make:97: recipe for target 'cmTC_af278' failed
make[1]: *** [cmTC_af278] Error 1
make[1]: Leaving directory '/home/sebastian/catkin_ws/src/abb_irb140_ros_sim/tests/gazebo_plugins/pose_mod/build/CMakeFiles/CMakeTmp'
Makefile:126: recipe for target 'cmTC_af278/fast' failed
make: *** [cmTC_af278/fast] Error 2

File /home/sebastian/catkin_ws/src/abb_irb140_ros_sim/tests/gazebo_plugins/pose_mod/build/CMakeFiles/CMakeTmp/CheckSymbolExists.c:
/* */
#include <pthread.h>

int main(int argc, char** argv)
{
  (void)argv;
#ifndef pthread_create
  return ((int*)(&pthread_create))[argc];
#else
  (void)argc;
  return 0;
#endif
}

Determining if the function pthread_create exists in the pthreads failed with the following output:
Change Dir: /home/sebastian/catkin_ws/src/abb_irb140_ros_sim/tests/gazebo_plugins/pose_mod/build/CMakeFiles/CMakeTmp

Run Build Command:"/usr/bin/make" "cmTC_71cea/fast"
/usr/bin/make -f CMakeFiles/cmTC_71cea.dir/build.make CMakeFiles/cmTC_71cea.dir/build
make[1]: Entering directory '/home/sebastian/catkin_ws/src/abb_irb140_ros_sim/tests/gazebo_plugins/pose_mod/build/CMakeFiles/CMakeTmp'
Building C object CMakeFiles/cmTC_71cea.dir/CheckFunctionExists.c.o
/usr/bin/cc    -DCHECK_FUNCTION_EXISTS=pthread_create   -o CMakeFiles/cmTC_71cea.dir/CheckFunctionExists.c.o   -c /usr/share/cmake-3.5/Modules/CheckFunctionExists.c
Linking C executable cmTC_71cea
/usr/bin/cmake -E cmake_link_script CMakeFiles/cmTC_71cea.dir/link.txt --verbose=1
/usr/bin/cc   -DCHECK_FUNCTION_EXISTS=pthread_create    CMakeFiles/cmTC_71cea.dir/CheckFunctionExists.c.o  -o cmTC_71cea -rdynamic -lpthreads 
/usr/bin/ld: cannot find -lpthreads
collect2: error: ld returned 1 exit status
CMakeFiles/cmTC_71cea.dir/build.make:97: recipe for target 'cmTC_71cea' failed
make[1]: *** [cmTC_71cea] Error 1
make[1]: Leaving directory '/home/sebastian/catkin_ws/src/abb_irb140_ros_sim/tests/gazebo_plugins/pose_mod/build/CMakeFiles/CMakeTmp'
Makefile:126: recipe for target 'cmTC_71cea/fast' failed
make: *** [cmTC_71cea/fast] Error 2


