Determining if the pthread_create exist failed with the following output:
Change Dir: /home/sebastian/catkin_ws/src/abb_irb140_ros_sim/tests/gazebo_plugins/pose_link/build/CMakeFiles/CMakeTmp

Run Build Command:"/usr/bin/make" "cmTC_9cc4a/fast"
/usr/bin/make -f CMakeFiles/cmTC_9cc4a.dir/build.make CMakeFiles/cmTC_9cc4a.dir/build
make[1]: Entering directory '/home/sebastian/catkin_ws/src/abb_irb140_ros_sim/tests/gazebo_plugins/pose_link/build/CMakeFiles/CMakeTmp'
Building C object CMakeFiles/cmTC_9cc4a.dir/CheckSymbolExists.c.o
/usr/bin/cc     -o CMakeFiles/cmTC_9cc4a.dir/CheckSymbolExists.c.o   -c /home/sebastian/catkin_ws/src/abb_irb140_ros_sim/tests/gazebo_plugins/pose_link/build/CMakeFiles/CMakeTmp/CheckSymbolExists.c
Linking C executable cmTC_9cc4a
/usr/bin/cmake -E cmake_link_script CMakeFiles/cmTC_9cc4a.dir/link.txt --verbose=1
/usr/bin/cc       CMakeFiles/cmTC_9cc4a.dir/CheckSymbolExists.c.o  -o cmTC_9cc4a -rdynamic 
CMakeFiles/cmTC_9cc4a.dir/CheckSymbolExists.c.o: In function `main':
CheckSymbolExists.c:(.text+0x16): undefined reference to `pthread_create'
collect2: error: ld returned 1 exit status
CMakeFiles/cmTC_9cc4a.dir/build.make:97: recipe for target 'cmTC_9cc4a' failed
make[1]: *** [cmTC_9cc4a] Error 1
make[1]: Leaving directory '/home/sebastian/catkin_ws/src/abb_irb140_ros_sim/tests/gazebo_plugins/pose_link/build/CMakeFiles/CMakeTmp'
Makefile:126: recipe for target 'cmTC_9cc4a/fast' failed
make: *** [cmTC_9cc4a/fast] Error 2

File /home/sebastian/catkin_ws/src/abb_irb140_ros_sim/tests/gazebo_plugins/pose_link/build/CMakeFiles/CMakeTmp/CheckSymbolExists.c:
/* */
#include <pthread.h>

int main(int argc, char** argv)
{
  (void)argv;
#ifndef pthread_create
  return ((int*)(&pthread_create))[argc];
#else
  (void)argc;
  return 0;
#endif
}

Determining if the function pthread_create exists in the pthreads failed with the following output:
Change Dir: /home/sebastian/catkin_ws/src/abb_irb140_ros_sim/tests/gazebo_plugins/pose_link/build/CMakeFiles/CMakeTmp

Run Build Command:"/usr/bin/make" "cmTC_0181d/fast"
/usr/bin/make -f CMakeFiles/cmTC_0181d.dir/build.make CMakeFiles/cmTC_0181d.dir/build
make[1]: Entering directory '/home/sebastian/catkin_ws/src/abb_irb140_ros_sim/tests/gazebo_plugins/pose_link/build/CMakeFiles/CMakeTmp'
Building C object CMakeFiles/cmTC_0181d.dir/CheckFunctionExists.c.o
/usr/bin/cc    -DCHECK_FUNCTION_EXISTS=pthread_create   -o CMakeFiles/cmTC_0181d.dir/CheckFunctionExists.c.o   -c /usr/share/cmake-3.5/Modules/CheckFunctionExists.c
Linking C executable cmTC_0181d
/usr/bin/cmake -E cmake_link_script CMakeFiles/cmTC_0181d.dir/link.txt --verbose=1
/usr/bin/cc   -DCHECK_FUNCTION_EXISTS=pthread_create    CMakeFiles/cmTC_0181d.dir/CheckFunctionExists.c.o  -o cmTC_0181d -rdynamic -lpthreads 
/usr/bin/ld: cannot find -lpthreads
collect2: error: ld returned 1 exit status
CMakeFiles/cmTC_0181d.dir/build.make:97: recipe for target 'cmTC_0181d' failed
make[1]: *** [cmTC_0181d] Error 1
make[1]: Leaving directory '/home/sebastian/catkin_ws/src/abb_irb140_ros_sim/tests/gazebo_plugins/pose_link/build/CMakeFiles/CMakeTmp'
Makefile:126: recipe for target 'cmTC_0181d/fast' failed
make: *** [cmTC_0181d/fast] Error 2


